d:\github\learn-cuda-programming\07_parallel_programming_pattern\02_convolution\solution\solution\x64\debug\vc142.pdb
d:\github\learn-cuda-programming\07_parallel_programming_pattern\02_convolution\solution\solution\x64\debug\vc142.idb
d:\github\learn-cuda-programming\07_parallel_programming_pattern\02_convolution\solution\solution\x64\debug\miscellaneous.obj
d:\github\learn-cuda-programming\07_parallel_programming_pattern\02_convolution\solution\solution\x64\debug\convolution.obj
x64\debug\convolution_kernels.cu.obj
d:\github\learn-cuda-programming\07_parallel_programming_pattern\02_convolution\solution\solution\x64\debug\convolution_kernels.cu.cache
d:\github\learn-cuda-programming\07_parallel_programming_pattern\02_convolution\solution\solution\x64\debug\convolution_kernels.cu.obj
d:\github\learn-cuda-programming\07_parallel_programming_pattern\02_convolution\solution\x64\debug\solution.pdb
d:\github\learn-cuda-programming\07_parallel_programming_pattern\02_convolution\solution\solution\x64\debug\solution.tlog\cl.command.1.tlog
d:\github\learn-cuda-programming\07_parallel_programming_pattern\02_convolution\solution\solution\x64\debug\solution.tlog\cl.read.1.tlog
d:\github\learn-cuda-programming\07_parallel_programming_pattern\02_convolution\solution\solution\x64\debug\solution.tlog\cl.write.1.tlog
d:\github\learn-cuda-programming\07_parallel_programming_pattern\02_convolution\solution\solution\x64\debug\solution.tlog\cudacompile.read.1u.tlog
d:\github\learn-cuda-programming\07_parallel_programming_pattern\02_convolution\solution\solution\x64\debug\solution.tlog\cudacompile.write.1u.tlog
d:\github\learn-cuda-programming\07_parallel_programming_pattern\02_convolution\solution\solution\x64\debug\solution.tlog\link-cvtres.read.1.tlog
d:\github\learn-cuda-programming\07_parallel_programming_pattern\02_convolution\solution\solution\x64\debug\solution.tlog\link-cvtres.write.1.tlog
d:\github\learn-cuda-programming\07_parallel_programming_pattern\02_convolution\solution\solution\x64\debug\solution.tlog\link-rc.read.1.tlog
d:\github\learn-cuda-programming\07_parallel_programming_pattern\02_convolution\solution\solution\x64\debug\solution.tlog\link-rc.write.1.tlog
d:\github\learn-cuda-programming\07_parallel_programming_pattern\02_convolution\solution\solution\x64\debug\solution.tlog\link.command.1.tlog
d:\github\learn-cuda-programming\07_parallel_programming_pattern\02_convolution\solution\solution\x64\debug\solution.tlog\link.read.1.tlog
d:\github\learn-cuda-programming\07_parallel_programming_pattern\02_convolution\solution\solution\x64\debug\solution.tlog\link.write.1.tlog
